2022-11-15 09:30:32,439 INFO    repository.queries.ConnectionToDB - connection open! tojdbc:mysql://localhost:3306/mydb
2022-11-15 09:30:32,468 INFO    repository.queries.ConnectionToDB - object created!
2022-11-15 09:30:32,469 INFO    repository.queries.ConnectionToDB - object created!
2022-11-15 09:30:32,469 INFO    repository.queries.ConnectionToDB - object created!
2022-11-15 09:30:32,469 INFO    repository.queries.ConnectionToDB - object created!
2022-11-15 09:30:32,470 INFO    repository.queries.ConnectionToDB - object created!
2022-11-15 09:30:32,470 INFO    repository.queries.ConnectionToDB - object created!
2022-11-15 09:30:32,470 INFO    repository.queries.ConnectionToDB - object created!
2022-11-15 09:30:32,470 INFO    repository.queries.ConnectionToDB - object created!
2022-11-15 09:30:32,470 INFO    repository.queries.ConnectionToDB - object created!
2022-11-15 09:30:32,471 INFO    repository.queries.ConnectionToDB - object created!
2022-11-15 09:30:32,471 INFO    repository.queries.ConnectionToDB - object created!
2022-11-15 09:30:32,471 INFO    repository.queries.ConnectionToDB - object created!
2022-11-15 09:30:32,473 INFO    repository.queries.ConnectionToDB - connection close!
2022-11-15 09:30:32,545 INFO    repository.queries.ConnectionToDB - connection open! tojdbc:mysql://localhost:3306/mydb
2022-11-15 09:30:32,570 INFO    repository.queries.Delete - Record is deleted from the table successfully..................
2022-11-15 09:30:32,571 INFO    repository.queries.ConnectionToDB - connection close!
2022-11-15 09:30:32,610 INFO    repository.queries.ConnectionToDB - connection open! tojdbc:mysql://localhost:3306/mydb
2022-11-15 09:30:32,611 INFO    repository.queries.CreateTable - String type cast to longtext
2022-11-15 09:30:32,612 INFO    repository.queries.CreateTable - String type cast to longtext
2022-11-15 09:30:32,649 ERROR   repository.queries.CreateTable - SQL Exception
2022-11-15 09:30:32,652 INFO    repository.queries.ConnectionToDB - connection close!
2022-11-15 09:30:32,729 INFO    repository.queries.ConnectionToDB - connection open! tojdbc:mysql://localhost:3306/mydb
2022-11-15 09:30:32,770 INFO    repository.queries.ConnectionToDB - connection open! tojdbc:mysql://localhost:3306/mydb
2022-11-15 09:33:37,673 INFO    repository.queries.ConnectionToDB - connection open! tojdbc:mysql://localhost:3306/mydb
2022-11-15 09:33:37,694 INFO    repository.queries.ConnectionToDB - object created!
2022-11-15 09:33:37,694 INFO    repository.queries.ConnectionToDB - object created!
2022-11-15 09:33:37,694 INFO    repository.queries.ConnectionToDB - object created!
2022-11-15 09:33:37,694 INFO    repository.queries.ConnectionToDB - object created!
2022-11-15 09:33:37,695 INFO    repository.queries.ConnectionToDB - object created!
2022-11-15 09:33:37,695 INFO    repository.queries.ConnectionToDB - object created!
2022-11-15 09:33:37,695 INFO    repository.queries.ConnectionToDB - object created!
2022-11-15 09:33:37,695 INFO    repository.queries.ConnectionToDB - object created!
2022-11-15 09:33:37,695 INFO    repository.queries.ConnectionToDB - object created!
2022-11-15 09:33:37,696 INFO    repository.queries.ConnectionToDB - object created!
2022-11-15 09:33:37,696 INFO    repository.queries.ConnectionToDB - object created!
2022-11-15 09:33:37,696 INFO    repository.queries.ConnectionToDB - object created!
2022-11-15 09:33:37,698 INFO    repository.queries.ConnectionToDB - connection close!
2022-11-15 09:33:37,742 INFO    repository.queries.ConnectionToDB - connection open! tojdbc:mysql://localhost:3306/mydb
2022-11-15 09:33:37,759 INFO    repository.queries.Delete - Record is deleted from the table successfully..................
2022-11-15 09:33:37,760 INFO    repository.queries.ConnectionToDB - connection close!
2022-11-15 09:33:37,801 INFO    repository.queries.ConnectionToDB - connection open! tojdbc:mysql://localhost:3306/mydb
2022-11-15 09:33:37,804 INFO    repository.queries.CreateTable - String type cast to longtext
2022-11-15 09:33:37,804 INFO    repository.queries.CreateTable - String type cast to longtext
2022-11-15 09:33:37,826 ERROR   repository.queries.CreateTable - SQL Exception
2022-11-15 09:33:37,828 INFO    repository.queries.ConnectionToDB - connection close!
2022-11-15 09:33:37,889 INFO    repository.queries.ConnectionToDB - connection open! tojdbc:mysql://localhost:3306/mydb
2022-11-15 09:33:37,927 INFO    repository.queries.ConnectionToDB - connection open! tojdbc:mysql://localhost:3306/mydb
2022-11-15 09:36:59,883 INFO    repository.queries.ConnectionToDB - connection open! tojdbc:mysql://localhost:3306/mydb
2022-11-15 09:36:59,908 INFO    repository.queries.ConnectionToDB - object created!
2022-11-15 09:36:59,908 INFO    repository.queries.ConnectionToDB - object created!
2022-11-15 09:36:59,908 INFO    repository.queries.ConnectionToDB - object created!
2022-11-15 09:36:59,908 INFO    repository.queries.ConnectionToDB - object created!
2022-11-15 09:36:59,908 INFO    repository.queries.ConnectionToDB - object created!
2022-11-15 09:36:59,909 INFO    repository.queries.ConnectionToDB - object created!
2022-11-15 09:36:59,909 INFO    repository.queries.ConnectionToDB - object created!
2022-11-15 09:36:59,909 INFO    repository.queries.ConnectionToDB - object created!
2022-11-15 09:36:59,909 INFO    repository.queries.ConnectionToDB - object created!
2022-11-15 09:36:59,910 INFO    repository.queries.ConnectionToDB - object created!
2022-11-15 09:36:59,910 INFO    repository.queries.ConnectionToDB - object created!
2022-11-15 09:36:59,910 INFO    repository.queries.ConnectionToDB - object created!
2022-11-15 09:36:59,912 INFO    repository.queries.ConnectionToDB - connection close!
2022-11-15 09:36:59,964 INFO    repository.queries.ConnectionToDB - connection open! tojdbc:mysql://localhost:3306/mydb
2022-11-15 09:36:59,976 INFO    repository.queries.Delete - Record is deleted from the table successfully..................
2022-11-15 09:36:59,977 INFO    repository.queries.ConnectionToDB - connection close!
2022-11-15 09:37:00,008 INFO    repository.queries.ConnectionToDB - connection open! tojdbc:mysql://localhost:3306/mydb
2022-11-15 10:13:11,511 INFO    repository.queries.ConnectionToDB - connection open! tojdbc:mysql://localhost:3307/mydb
2022-11-15 10:13:11,534 INFO    repository.queries.ConnectionToDB - object created!
2022-11-15 10:13:11,535 INFO    repository.queries.ConnectionToDB - object created!
2022-11-15 10:13:11,535 INFO    repository.queries.ConnectionToDB - object created!
2022-11-15 10:13:11,535 INFO    repository.queries.ConnectionToDB - object created!
2022-11-15 10:13:11,536 INFO    repository.queries.ConnectionToDB - object created!
2022-11-15 10:13:11,536 INFO    repository.queries.ConnectionToDB - object created!
2022-11-15 10:13:11,536 INFO    repository.queries.ConnectionToDB - object created!
2022-11-15 10:13:11,537 INFO    repository.queries.ConnectionToDB - object created!
2022-11-15 10:13:11,537 INFO    repository.queries.ConnectionToDB - object created!
2022-11-15 10:13:11,538 INFO    repository.queries.ConnectionToDB - object created!
2022-11-15 10:13:11,539 INFO    repository.queries.ConnectionToDB - connection close!
2022-11-15 10:13:11,589 INFO    repository.queries.ConnectionToDB - connection open! tojdbc:mysql://localhost:3307/mydb
2022-11-15 10:13:11,602 INFO    repository.queries.Delete - Record is deleted from the table successfully..................
2022-11-15 10:13:11,602 INFO    repository.queries.ConnectionToDB - connection close!
2022-11-15 10:13:11,635 INFO    repository.queries.ConnectionToDB - connection open! tojdbc:mysql://localhost:3307/mydb
2022-11-15 10:18:36,132 INFO    repository.queries.ConnectionToDB - connection open! tojdbc:mysql://localhost:3307/mydb
2022-11-15 10:18:36,154 INFO    repository.queries.ConnectionToDB - object created!
2022-11-15 10:18:36,154 INFO    repository.queries.ConnectionToDB - object created!
2022-11-15 10:18:36,155 INFO    repository.queries.ConnectionToDB - object created!
2022-11-15 10:18:36,155 INFO    repository.queries.ConnectionToDB - object created!
2022-11-15 10:18:36,155 INFO    repository.queries.ConnectionToDB - object created!
2022-11-15 10:18:36,155 INFO    repository.queries.ConnectionToDB - object created!
2022-11-15 10:18:36,156 INFO    repository.queries.ConnectionToDB - object created!
2022-11-15 10:18:36,156 INFO    repository.queries.ConnectionToDB - object created!
2022-11-15 10:18:36,156 INFO    repository.queries.ConnectionToDB - object created!
2022-11-15 10:18:36,156 INFO    repository.queries.ConnectionToDB - object created!
2022-11-15 10:18:36,158 INFO    repository.queries.ConnectionToDB - connection close!
2022-11-15 10:18:36,204 INFO    repository.queries.ConnectionToDB - connection open! tojdbc:mysql://localhost:3307/mydb
2022-11-15 10:18:36,218 INFO    repository.queries.ConnectionToDB - connection close!
2022-11-15 10:18:36,248 INFO    repository.queries.ConnectionToDB - connection open! tojdbc:mysql://localhost:3307/mydb
2022-11-15 10:18:36,263 INFO    repository.queries.Delete - Record is deleted from the table successfully..................
2022-11-15 10:18:36,264 INFO    repository.queries.ConnectionToDB - connection close!
2022-11-15 10:21:44,750 INFO    repository.queries.ConnectionToDB - connection open! tojdbc:mysql://localhost:3307/mydb
2022-11-15 10:21:44,795 INFO    repository.queries.ConnectionToDB - object created!
2022-11-15 10:21:44,795 INFO    repository.queries.ConnectionToDB - object created!
2022-11-15 10:21:44,796 INFO    repository.queries.ConnectionToDB - object created!
2022-11-15 10:21:44,796 INFO    repository.queries.ConnectionToDB - object created!
2022-11-15 10:21:44,797 INFO    repository.queries.ConnectionToDB - object created!
2022-11-15 10:21:44,797 INFO    repository.queries.ConnectionToDB - object created!
2022-11-15 10:21:44,798 INFO    repository.queries.ConnectionToDB - object created!
2022-11-15 10:21:44,798 INFO    repository.queries.ConnectionToDB - object created!
2022-11-15 10:21:44,798 INFO    repository.queries.ConnectionToDB - object created!
2022-11-15 10:21:44,799 INFO    repository.queries.ConnectionToDB - object created!
2022-11-15 10:21:44,799 INFO    repository.queries.ConnectionToDB - object created!
2022-11-15 10:21:44,800 INFO    repository.queries.ConnectionToDB - connection close!
2022-11-15 10:21:44,874 INFO    repository.queries.ConnectionToDB - connection open! tojdbc:mysql://localhost:3307/mydb
2022-11-15 10:21:44,912 ERROR   repository.queries.Add - cant executeUpdate the statement SQL Exception
2022-11-15 10:21:44,916 ERROR   repository.queries.Add - cant executeUpdate the statement SQL Exception
2022-11-15 10:21:44,917 INFO    repository.queries.ConnectionToDB - connection close!
2022-11-15 10:21:44,966 INFO    repository.queries.ConnectionToDB - connection open! tojdbc:mysql://localhost:3307/mydb
2022-11-15 10:21:44,999 INFO    repository.queries.Delete - Record is deleted from the table successfully..................
2022-11-15 10:21:45,001 INFO    repository.queries.ConnectionToDB - connection close!
2022-11-15 10:55:55,072 INFO    repository.queries.ConnectionToDB - connection open! tojdbc:mysql://localhost:3307/mydb
2022-11-15 10:55:55,090 INFO    repository.queries.ConnectionToDB - object created!
2022-11-15 10:55:55,091 INFO    repository.queries.ConnectionToDB - connection close!
2022-11-15 11:07:12,017 INFO    repository.queries.ConnectionToDB - connection open! tojdbc:mysql://localhost:3307/mydb
2022-11-15 11:07:12,032 INFO    repository.queries.ConnectionToDB - connection close!
2022-11-15 11:11:59,644 INFO    repository.queries.ConnectionToDB - connection open! tojdbc:mysql://localhost:3307/mydb
2022-11-15 11:11:59,665 ERROR   repository.queries.Add - cant executeUpdate the statement SQL Exception
2022-11-15 11:11:59,667 INFO    repository.queries.ConnectionToDB - connection close!
2022-11-15 11:12:18,672 INFO    repository.queries.ConnectionToDB - connection open! tojdbc:mysql://localhost:3307/mydb
2022-11-15 11:12:18,688 INFO    repository.queries.ConnectionToDB - connection close!
2022-11-15 11:14:07,740 INFO    repository.queries.ConnectionToDB - connection open! tojdbc:mysql://localhost:3307/mydb
2022-11-15 11:14:07,762 ERROR   repository.queries.Add - cant executeUpdate the statement SQL Exception
2022-11-15 11:14:07,764 INFO    repository.queries.ConnectionToDB - connection close!
2022-11-15 11:14:07,790 INFO    repository.queries.ConnectionToDB - connection open! tojdbc:mysql://localhost:3307/mydb
2022-11-15 11:14:07,800 INFO    repository.queries.ConnectionToDB - connection close!
2022-11-15 11:14:27,774 INFO    repository.queries.ConnectionToDB - connection open! tojdbc:mysql://localhost:3307/mydb
2022-11-15 11:14:27,790 INFO    repository.queries.ConnectionToDB - connection close!
2022-11-15 11:14:27,811 INFO    repository.queries.ConnectionToDB - connection open! tojdbc:mysql://localhost:3307/mydb
2022-11-15 11:14:27,823 ERROR   repository.queries.Add - cant executeUpdate the statement SQL Exception
2022-11-15 11:14:27,825 ERROR   repository.queries.Add - cant executeUpdate the statement SQL Exception
2022-11-15 11:14:27,826 INFO    repository.queries.ConnectionToDB - connection close!
2022-11-15 11:14:44,312 INFO    repository.queries.ConnectionToDB - connection open! tojdbc:mysql://localhost:3307/mydb
2022-11-15 11:14:44,327 INFO    repository.queries.ConnectionToDB - connection close!
2022-11-15 11:14:44,349 INFO    repository.queries.ConnectionToDB - connection open! tojdbc:mysql://localhost:3307/mydb
2022-11-15 11:14:44,355 INFO    repository.queries.ConnectionToDB - connection close!
2022-11-15 11:18:51,638 INFO    repository.queries.ConnectionToDB - connection open! tojdbc:mysql://localhost:3307/mydb
2022-11-15 11:18:51,657 ERROR   repository.queries.Add - cant executeUpdate the statement SQL Exception
2022-11-15 11:18:51,659 INFO    repository.queries.ConnectionToDB - connection close!
2022-11-15 11:18:51,680 INFO    repository.queries.ConnectionToDB - connection open! tojdbc:mysql://localhost:3307/mydb
2022-11-15 11:18:51,683 ERROR   repository.queries.Add - cant executeUpdate the statement SQL Exception
2022-11-15 11:18:51,684 ERROR   repository.queries.Add - cant executeUpdate the statement SQL Exception
2022-11-15 11:18:51,685 INFO    repository.queries.ConnectionToDB - connection close!
2022-11-15 11:18:51,705 INFO    repository.queries.ConnectionToDB - connection open! tojdbc:mysql://localhost:3307/mydb
2022-11-15 11:18:51,716 INFO    repository.queries.ConnectionToDB - connection close!
2022-11-15 11:19:25,002 INFO    repository.queries.ConnectionToDB - connection open! tojdbc:mysql://localhost:3307/mydb
2022-11-15 11:19:25,017 INFO    repository.queries.ConnectionToDB - connection close!
2022-11-15 11:19:25,038 INFO    repository.queries.ConnectionToDB - connection open! tojdbc:mysql://localhost:3307/mydb
2022-11-15 11:19:25,043 INFO    repository.queries.ConnectionToDB - connection close!
2022-11-15 11:19:25,068 INFO    repository.queries.ConnectionToDB - connection open! tojdbc:mysql://localhost:3307/mydb
2022-11-15 11:19:25,082 INFO    repository.queries.ConnectionToDB - connection close!
2022-11-15 11:20:39,120 INFO    repository.queries.ConnectionToDB - connection open! tojdbc:mysql://localhost:3307/mydb
2022-11-15 11:20:39,134 INFO    repository.queries.ConnectionToDB - connection close!
2022-11-15 11:20:39,156 INFO    repository.queries.ConnectionToDB - connection open! tojdbc:mysql://localhost:3307/mydb
2022-11-15 11:20:39,161 INFO    repository.queries.ConnectionToDB - connection close!
2022-11-15 11:20:39,181 INFO    repository.queries.ConnectionToDB - connection open! tojdbc:mysql://localhost:3307/mydb
2022-11-15 11:20:39,193 INFO    repository.queries.ConnectionToDB - connection close!
2022-11-15 11:21:41,211 INFO    repository.queries.ConnectionToDB - connection open! tojdbc:mysql://localhost:3307/mydb
2022-11-15 11:21:41,227 INFO    repository.queries.ConnectionToDB - object created!
2022-11-15 11:21:41,229 INFO    repository.queries.ConnectionToDB - connection close!
2022-11-15 11:27:10,902 INFO    repository.queries.Delete - Record is deleted from the table successfully..................
2022-11-15 13:34:23,705 INFO    repository.queries.Delete - Record is deleted from the table successfully..................
2022-11-15 13:34:50,350 ERROR   repository.queries.Add - cant executeUpdate the statement SQL Exception
2022-11-15 13:34:50,364 ERROR   repository.queries.Add - cant executeUpdate the statement SQL Exception
2022-11-15 13:34:50,365 ERROR   repository.queries.Add - cant executeUpdate the statement SQL Exception
2022-11-15 13:34:50,400 INFO    repository.queries.Delete - Record is deleted from the table successfully..................
2022-11-15 13:35:37,362 ERROR   repository.queries.Add - cant executeUpdate the statement SQL Exception
2022-11-15 13:35:37,372 ERROR   repository.queries.Add - cant executeUpdate the statement SQL Exception
2022-11-15 13:35:37,373 ERROR   repository.queries.Add - cant executeUpdate the statement SQL Exception
2022-11-15 13:35:37,406 INFO    repository.queries.Delete - Record is deleted from the table successfully..................
2022-11-15 18:39:14,104 ERROR   repository.queries.Add - cant executeUpdate the statement SQL Exception
2022-11-15 18:39:14,107 ERROR   repository.queries.Add - cant executeUpdate the statement SQL Exception
2022-11-15 18:56:08,297 INFO    repository.queries.CreateTable - String type cast to longtext
2022-11-15 18:56:08,300 INFO    repository.queries.CreateTable - String type cast to longtext
2022-11-15 18:56:08,300 INFO    repository.queries.CreateTable - String type cast to longtext
2022-11-15 18:56:08,308 ERROR   repository.queries.CreateTable - cant execute Update the statement SQL Exception
2022-11-15 18:56:08,312 INFO    repository.queries.CreateTable - String type cast to longtext
2022-11-15 18:56:08,313 INFO    repository.queries.CreateTable - String type cast to longtext
2022-11-15 18:56:08,313 INFO    repository.queries.CreateTable - String type cast to longtext
2022-11-15 18:56:08,313 ERROR   repository.queries.CreateTable - cant execute Update the statement SQL Exception
2022-11-15 18:56:48,603 INFO    repository.queries.CreateTable - String type cast to longtext
2022-11-15 18:56:48,609 INFO    repository.queries.CreateTable - String type cast to longtext
2022-11-15 18:56:48,609 INFO    repository.queries.CreateTable - String type cast to longtext
2022-11-15 18:56:48,619 ERROR   repository.queries.CreateTable - cant execute Update the statement SQL Exception
2022-11-15 18:56:48,625 INFO    repository.queries.CreateTable - String type cast to longtext
2022-11-15 18:56:48,625 INFO    repository.queries.CreateTable - String type cast to longtext
2022-11-15 18:56:48,625 INFO    repository.queries.CreateTable - String type cast to longtext
2022-11-15 18:59:19,901 INFO    repository.queries.Delete - Table is deleted from the table successfully..................
2022-11-15 18:59:19,912 INFO    repository.queries.CreateTable - String type cast to longtext
2022-11-15 18:59:19,913 INFO    repository.queries.CreateTable - String type cast to longtext
2022-11-15 18:59:19,913 INFO    repository.queries.CreateTable - String type cast to longtext
2022-11-15 18:59:19,920 ERROR   repository.queries.CreateTable - cant execute Update the statement SQL Exception
2022-11-15 18:59:19,923 INFO    repository.queries.CreateTable - String type cast to longtext
2022-11-15 18:59:19,923 INFO    repository.queries.CreateTable - String type cast to longtext
2022-11-15 18:59:19,923 INFO    repository.queries.CreateTable - String type cast to longtext
2022-11-15 18:59:42,929 INFO    repository.queries.Delete - Table is deleted from the table successfully..................
2022-11-15 18:59:42,939 INFO    repository.queries.CreateTable - String type cast to longtext
2022-11-15 18:59:42,939 INFO    repository.queries.CreateTable - String type cast to longtext
2022-11-15 18:59:42,939 INFO    repository.queries.CreateTable - String type cast to longtext
2022-11-15 18:59:42,947 ERROR   repository.queries.CreateTable - cant execute Update the statement SQL Exception
2022-11-15 18:59:42,950 INFO    repository.queries.CreateTable - String type cast to longtext
2022-11-15 18:59:42,951 INFO    repository.queries.CreateTable - String type cast to longtext
2022-11-15 18:59:42,951 INFO    repository.queries.CreateTable - String type cast to longtext
2022-11-15 18:59:42,975 INFO    repository.queries.Delete - Table is deleted from the table successfully..................
2022-11-15 19:03:43,444 INFO    repository.queries.CreateTable - String type cast to longtext
2022-11-15 19:03:43,452 INFO    repository.queries.CreateTable - field is not primitive type
2022-11-15 19:03:43,452 INFO    repository.queries.CreateTable - String type cast to longtext
2022-11-15 19:03:43,452 INFO    repository.queries.CreateTable - field is not primitive type
2022-11-15 19:03:43,453 INFO    repository.queries.CreateTable - String type cast to longtext
2022-11-15 19:03:43,454 INFO    repository.queries.CreateTable - field is not primitive type
2022-11-15 19:03:43,468 ERROR   repository.queries.CreateTable - cant execute Update the statement SQL Exception
2022-11-15 19:03:43,473 INFO    repository.queries.CreateTable - String type cast to longtext
2022-11-15 19:03:43,474 INFO    repository.queries.CreateTable - field is not primitive type
2022-11-15 19:03:43,474 INFO    repository.queries.CreateTable - String type cast to longtext
2022-11-15 19:03:43,474 INFO    repository.queries.CreateTable - field is not primitive type
2022-11-15 19:03:43,474 INFO    repository.queries.CreateTable - String type cast to longtext
2022-11-15 19:03:43,474 INFO    repository.queries.CreateTable - field is not primitive type
2022-11-15 19:03:43,507 INFO    repository.queries.Delete - Table is deleted from the table successfully..................
2022-11-15 19:04:39,373 ERROR   repository.queries.Delete - cant execute Update the statement SQL Exception
2022-11-15 19:04:39,395 INFO    repository.queries.CreateTable - String type cast to longtext
2022-11-15 19:04:39,395 INFO    repository.queries.CreateTable - field is not primitive type
2022-11-15 19:04:39,395 INFO    repository.queries.CreateTable - String type cast to longtext
2022-11-15 19:04:39,395 INFO    repository.queries.CreateTable - field is not primitive type
2022-11-15 19:04:39,398 INFO    repository.queries.CreateTable - String type cast to longtext
2022-11-15 19:04:39,399 INFO    repository.queries.CreateTable - field is not primitive type
2022-11-15 19:04:39,403 ERROR   repository.queries.CreateTable - cant execute Update the statement SQL Exception
2022-11-15 19:04:39,409 INFO    repository.queries.CreateTable - String type cast to longtext
2022-11-15 19:04:39,409 INFO    repository.queries.CreateTable - field is not primitive type
2022-11-15 19:04:39,409 INFO    repository.queries.CreateTable - String type cast to longtext
2022-11-15 19:04:39,409 INFO    repository.queries.CreateTable - field is not primitive type
2022-11-15 19:04:39,409 INFO    repository.queries.CreateTable - String type cast to longtext
2022-11-15 19:04:39,409 INFO    repository.queries.CreateTable - field is not primitive type
2022-11-15 19:05:47,844 ERROR   repository.queries.Read - cant execute Update the statement SQL Exception
2022-11-15 19:05:47,864 ERROR   repository.queries.Read - cant execute Update the statement SQL Exception
2022-11-15 19:05:47,874 ERROR   repository.queries.Delete - cant execute Update the statement SQL Exception
2022-11-15 19:05:47,879 ERROR   repository.queries.Delete - cant execute Update the statement SQL Exception
2022-11-15 19:05:47,891 INFO    repository.queries.CreateTable - String type cast to longtext
2022-11-15 19:05:47,891 INFO    repository.queries.CreateTable - field is not primitive type
2022-11-15 19:05:47,892 INFO    repository.queries.CreateTable - String type cast to longtext
2022-11-15 19:05:47,892 INFO    repository.queries.CreateTable - field is not primitive type
2022-11-15 19:05:47,894 INFO    repository.queries.CreateTable - String type cast to longtext
2022-11-15 19:05:47,894 INFO    repository.queries.CreateTable - field is not primitive type
2022-11-15 19:05:47,932 INFO    repository.queries.CreateTable - String type cast to longtext
2022-11-15 19:05:47,933 INFO    repository.queries.CreateTable - field is not primitive type
2022-11-15 19:05:47,933 INFO    repository.queries.CreateTable - String type cast to longtext
2022-11-15 19:05:47,933 INFO    repository.queries.CreateTable - field is not primitive type
2022-11-15 19:05:47,933 INFO    repository.queries.CreateTable - String type cast to longtext
2022-11-15 19:05:47,933 INFO    repository.queries.CreateTable - field is not primitive type
2022-11-15 19:08:52,925 INFO    repository.queries.Delete - Table is deleted from the table successfully..................
2022-11-15 19:08:52,938 INFO    repository.queries.CreateTable - String type cast to longtext
2022-11-15 19:08:52,938 INFO    repository.queries.CreateTable - field is not primitive type
2022-11-15 19:08:52,938 INFO    repository.queries.CreateTable - String type cast to longtext
2022-11-15 19:08:52,938 INFO    repository.queries.CreateTable - field is not primitive type
2022-11-15 19:08:52,940 INFO    repository.queries.CreateTable - String type cast to longtext
2022-11-15 19:08:52,940 INFO    repository.queries.CreateTable - field is not primitive type
2022-11-15 19:08:52,968 INFO    repository.queries.CreateTable - String type cast to longtext
2022-11-15 19:08:52,968 INFO    repository.queries.CreateTable - field is not primitive type
2022-11-15 19:08:52,968 INFO    repository.queries.CreateTable - String type cast to longtext
2022-11-15 19:08:52,968 INFO    repository.queries.CreateTable - field is not primitive type
2022-11-15 19:08:52,968 INFO    repository.queries.CreateTable - String type cast to longtext
2022-11-15 19:08:52,968 INFO    repository.queries.CreateTable - field is not primitive type
2022-11-15 19:08:52,977 ERROR   repository.queries.CreateTable - cant execute Update the statement SQL Exception
2022-11-15 19:08:52,986 INFO    repository.queries.CreateTable - String type cast to longtext
2022-11-15 19:08:52,986 INFO    repository.queries.CreateTable - field is not primitive type
2022-11-15 19:08:52,986 INFO    repository.queries.CreateTable - String type cast to longtext
2022-11-15 19:08:52,986 INFO    repository.queries.CreateTable - field is not primitive type
2022-11-15 19:08:52,986 INFO    repository.queries.CreateTable - String type cast to longtext
2022-11-15 19:08:52,986 INFO    repository.queries.CreateTable - field is not primitive type
2022-11-15 19:16:44,816 INFO    repository.queries.Delete - Table is deleted from the table successfully..................
2022-11-15 19:16:44,827 INFO    repository.queries.CreateTable - String type cast to longtext
2022-11-15 19:16:44,827 INFO    repository.queries.CreateTable - field is not primitive type
2022-11-15 19:16:44,827 INFO    repository.queries.CreateTable - String type cast to longtext
2022-11-15 19:16:44,827 INFO    repository.queries.CreateTable - field is not primitive type
2022-11-15 19:16:44,828 INFO    repository.queries.CreateTable - String type cast to longtext
2022-11-15 19:16:44,828 INFO    repository.queries.CreateTable - field is not primitive type
2022-11-15 19:16:44,837 ERROR   repository.queries.CreateTable - cant execute Update the statement SQL Exception
2022-11-15 19:16:44,841 INFO    repository.queries.CreateTable - String type cast to longtext
2022-11-15 19:16:44,841 INFO    repository.queries.CreateTable - field is not primitive type
2022-11-15 19:16:44,841 INFO    repository.queries.CreateTable - String type cast to longtext
2022-11-15 19:16:44,841 INFO    repository.queries.CreateTable - field is not primitive type
2022-11-15 19:16:44,841 INFO    repository.queries.CreateTable - String type cast to longtext
2022-11-15 19:16:44,841 INFO    repository.queries.CreateTable - field is not primitive type
2022-11-15 19:16:44,842 ERROR   repository.queries.CreateTable - cant execute Update the statement SQL Exception
2022-11-15 19:16:44,846 INFO    repository.queries.CreateTable - String type cast to longtext
2022-11-15 19:16:44,846 INFO    repository.queries.CreateTable - field is not primitive type
2022-11-15 19:16:44,846 INFO    repository.queries.CreateTable - String type cast to longtext
2022-11-15 19:16:44,847 INFO    repository.queries.CreateTable - field is not primitive type
2022-11-15 19:16:44,847 INFO    repository.queries.CreateTable - String type cast to longtext
2022-11-15 19:16:44,847 INFO    repository.queries.CreateTable - field is not primitive type
2022-11-15 21:12:10,930 ERROR   repository.queries.Delete - cant execute Update the statement SQL Exception
2022-11-15 21:12:10,963 INFO    repository.queries.CreateTable - String type cast to longtext
2022-11-15 21:12:10,963 INFO    repository.queries.CreateTable - field is not primitive type
2022-11-15 21:12:10,963 INFO    repository.queries.CreateTable - String type cast to longtext
2022-11-15 21:12:10,963 INFO    repository.queries.CreateTable - field is not primitive type
2022-11-15 21:12:10,965 INFO    repository.queries.CreateTable - String type cast to longtext
2022-11-15 21:12:10,965 INFO    repository.queries.CreateTable - field is not primitive type
2022-11-15 21:12:10,976 ERROR   repository.queries.CreateTable - cant execute Update the statement SQL Exception
2022-11-15 21:12:11,011 INFO    repository.queries.CreateTable - String type cast to longtext
2022-11-15 21:12:11,012 INFO    repository.queries.CreateTable - field is not primitive type
2022-11-15 21:12:11,012 INFO    repository.queries.CreateTable - String type cast to longtext
2022-11-15 21:12:11,013 INFO    repository.queries.CreateTable - field is not primitive type
2022-11-15 21:12:11,013 INFO    repository.queries.CreateTable - String type cast to longtext
2022-11-15 21:12:11,013 INFO    repository.queries.CreateTable - field is not primitive type
2022-11-15 21:12:11,016 ERROR   repository.queries.CreateTable - cant execute Update the statement SQL Exception
2022-11-15 21:12:11,052 INFO    repository.queries.CreateTable - String type cast to longtext
2022-11-15 21:12:11,052 INFO    repository.queries.CreateTable - field is not primitive type
2022-11-15 21:12:11,052 INFO    repository.queries.CreateTable - String type cast to longtext
2022-11-15 21:12:11,052 INFO    repository.queries.CreateTable - field is not primitive type
2022-11-15 21:12:11,053 INFO    repository.queries.CreateTable - String type cast to longtext
2022-11-15 21:12:11,053 INFO    repository.queries.CreateTable - field is not primitive type
2022-11-15 21:58:17,208 ERROR   repository.queries.Delete - cant execute Update the statement SQL Exception
2022-11-15 21:58:17,232 INFO    repository.queries.CreateTable - String type cast to longtext
2022-11-15 21:58:17,232 INFO    repository.queries.CreateTable - field is not primitive type
2022-11-15 21:58:17,232 INFO    repository.queries.CreateTable - String type cast to longtext
2022-11-15 21:58:17,233 INFO    repository.queries.CreateTable - field is not primitive type
2022-11-15 21:58:17,234 INFO    repository.queries.CreateTable - String type cast to longtext
2022-11-15 21:58:17,234 INFO    repository.queries.CreateTable - field is not primitive type
2022-11-15 21:58:17,280 INFO    repository.queries.CreateTable - String type cast to longtext
2022-11-15 21:58:17,281 INFO    repository.queries.CreateTable - field is not primitive type
2022-11-15 21:58:17,281 INFO    repository.queries.CreateTable - String type cast to longtext
2022-11-15 21:58:17,281 INFO    repository.queries.CreateTable - field is not primitive type
2022-11-15 21:58:17,281 INFO    repository.queries.CreateTable - String type cast to longtext
2022-11-15 21:58:17,281 INFO    repository.queries.CreateTable - field is not primitive type
2022-11-15 21:58:17,284 ERROR   repository.queries.CreateTable - cant execute Update the statement SQL Exception
2022-11-15 21:58:17,307 INFO    repository.queries.CreateTable - String type cast to longtext
2022-11-15 21:58:17,308 INFO    repository.queries.CreateTable - field is not primitive type
2022-11-15 21:58:17,308 INFO    repository.queries.CreateTable - String type cast to longtext
2022-11-15 21:58:17,308 INFO    repository.queries.CreateTable - field is not primitive type
2022-11-15 21:58:17,308 INFO    repository.queries.CreateTable - String type cast to longtext
2022-11-15 21:58:17,308 INFO    repository.queries.CreateTable - field is not primitive type
2022-11-15 21:59:27,237 INFO    repository.queries.CreateTable - String type cast to longtext
2022-11-15 21:59:27,241 INFO    repository.queries.CreateTable - field is not primitive type
2022-11-15 21:59:27,241 INFO    repository.queries.CreateTable - String type cast to longtext
2022-11-15 21:59:27,241 INFO    repository.queries.CreateTable - field is not primitive type
2022-11-15 21:59:27,244 INFO    repository.queries.CreateTable - String type cast to longtext
2022-11-15 21:59:27,244 INFO    repository.queries.CreateTable - field is not primitive type
2022-11-15 21:59:27,261 ERROR   repository.queries.CreateTable - cant execute Update the statement SQL Exception
2022-11-15 21:59:27,284 INFO    repository.queries.CreateTable - String type cast to longtext
2022-11-15 21:59:27,284 INFO    repository.queries.CreateTable - field is not primitive type
2022-11-15 21:59:27,285 INFO    repository.queries.CreateTable - String type cast to longtext
2022-11-15 21:59:27,285 INFO    repository.queries.CreateTable - field is not primitive type
2022-11-15 21:59:27,285 INFO    repository.queries.CreateTable - String type cast to longtext
2022-11-15 21:59:27,285 INFO    repository.queries.CreateTable - field is not primitive type
2022-11-15 21:59:27,288 ERROR   repository.queries.CreateTable - cant execute Update the statement SQL Exception
2022-11-15 21:59:27,310 INFO    repository.queries.CreateTable - String type cast to longtext
2022-11-15 21:59:27,310 INFO    repository.queries.CreateTable - field is not primitive type
2022-11-15 21:59:27,310 INFO    repository.queries.CreateTable - String type cast to longtext
2022-11-15 21:59:27,310 INFO    repository.queries.CreateTable - field is not primitive type
2022-11-15 21:59:27,310 INFO    repository.queries.CreateTable - String type cast to longtext
2022-11-15 21:59:27,310 INFO    repository.queries.CreateTable - field is not primitive type
2022-11-15 21:59:27,324 ERROR   repository.queries.CreateTable - cant execute Update the statement SQL Exception
2022-11-15 22:03:09,249 INFO    repository.queries.CreateTable - String type cast to longtext
2022-11-15 22:03:09,255 INFO    repository.queries.CreateTable - field is not primitive type
2022-11-15 22:03:09,258 INFO    repository.queries.CreateTable - String type cast to longtext
2022-11-15 22:03:09,258 INFO    repository.queries.CreateTable - field is not primitive type
2022-11-15 22:03:09,283 ERROR   repository.queries.CreateTable - cant execute Update the statement SQL Exception
2022-11-15 22:03:09,330 INFO    repository.queries.CreateTable - String type cast to longtext
2022-11-15 22:03:09,330 INFO    repository.queries.CreateTable - field is not primitive type
2022-11-15 22:03:09,330 INFO    repository.queries.CreateTable - String type cast to longtext
2022-11-15 22:03:09,330 INFO    repository.queries.CreateTable - field is not primitive type
2022-11-15 22:03:09,331 INFO    repository.queries.CreateTable - String type cast to longtext
2022-11-15 22:03:09,331 INFO    repository.queries.CreateTable - field is not primitive type
2022-11-15 22:03:09,336 ERROR   repository.queries.CreateTable - cant execute Update the statement SQL Exception
2022-11-15 22:03:29,769 INFO    repository.queries.CreateTable - String type cast to longtext
2022-11-15 22:03:29,775 INFO    repository.queries.CreateTable - field is not primitive type
2022-11-15 22:03:29,777 INFO    repository.queries.CreateTable - String type cast to longtext
2022-11-15 22:03:29,777 INFO    repository.queries.CreateTable - field is not primitive type
2022-11-15 22:03:29,838 INFO    repository.queries.CreateTable - String type cast to longtext
2022-11-15 22:03:29,838 INFO    repository.queries.CreateTable - field is not primitive type
2022-11-15 22:03:29,839 INFO    repository.queries.CreateTable - String type cast to longtext
2022-11-15 22:03:29,839 INFO    repository.queries.CreateTable - field is not primitive type
2022-11-15 22:03:29,839 INFO    repository.queries.CreateTable - String type cast to longtext
2022-11-15 22:03:29,839 INFO    repository.queries.CreateTable - field is not primitive type
2022-11-15 22:05:25,155 INFO    repository.queries.CreateTable - String type cast to longtext
2022-11-15 22:05:25,159 INFO    repository.queries.CreateTable - field is not primitive type
2022-11-15 22:05:25,160 INFO    repository.queries.CreateTable - String type cast to longtext
2022-11-15 22:05:25,161 INFO    repository.queries.CreateTable - field is not primitive type
2022-11-15 22:05:25,204 INFO    repository.queries.CreateTable - String type cast to longtext
2022-11-15 22:05:25,204 INFO    repository.queries.CreateTable - field is not primitive type
2022-11-15 22:05:25,204 INFO    repository.queries.CreateTable - String type cast to longtext
2022-11-15 22:05:25,204 INFO    repository.queries.CreateTable - field is not primitive type
2022-11-15 22:05:25,205 INFO    repository.queries.CreateTable - String type cast to longtext
2022-11-15 22:05:25,205 INFO    repository.queries.CreateTable - field is not primitive type
2022-11-15 22:06:24,379 INFO    repository.queries.CreateTable - String type cast to longtext
2022-11-15 22:06:24,383 INFO    repository.queries.CreateTable - field is not primitive type
2022-11-15 22:06:24,385 INFO    repository.queries.CreateTable - String type cast to longtext
2022-11-15 22:06:24,385 INFO    repository.queries.CreateTable - field is not primitive type
2022-11-15 22:06:24,428 INFO    repository.queries.CreateTable - String type cast to longtext
2022-11-15 22:06:24,429 INFO    repository.queries.CreateTable - field is not primitive type
2022-11-15 22:06:24,429 INFO    repository.queries.CreateTable - String type cast to longtext
2022-11-15 22:06:24,429 INFO    repository.queries.CreateTable - field is not primitive type
2022-11-15 22:06:24,429 INFO    repository.queries.CreateTable - String type cast to longtext
2022-11-15 22:06:24,429 INFO    repository.queries.CreateTable - field is not primitive type
2022-11-15 22:07:52,678 INFO    repository.queries.CreateTable - String type cast to longtext
2022-11-15 22:07:52,682 INFO    repository.queries.CreateTable - field is not primitive type
2022-11-15 22:07:52,684 INFO    repository.queries.CreateTable - String type cast to longtext
2022-11-15 22:07:52,684 INFO    repository.queries.CreateTable - field is not primitive type
2022-11-15 22:07:52,728 INFO    repository.queries.CreateTable - String type cast to longtext
2022-11-15 22:07:52,728 INFO    repository.queries.CreateTable - field is not primitive type
2022-11-15 22:09:24,375 INFO    repository.queries.CreateTable - String type cast to longtext
2022-11-15 22:09:24,379 INFO    repository.queries.CreateTable - String type cast to longtext
2022-11-15 22:09:24,430 INFO    repository.queries.CreateTable - String type cast to longtext
2022-11-16 07:22:26,515 INFO    repository.queries.CreateTable - String type cast to longtext
2022-11-16 07:22:26,519 INFO    repository.queries.CreateTable - String type cast to longtext
2022-11-16 07:22:26,533 ERROR   repository.queries.CreateTable - cant execute Update the statement SQL Exception
2022-11-16 07:22:26,537 INFO    repository.queries.CreateTable - String type cast to longtext
2022-11-16 07:22:26,539 ERROR   repository.queries.CreateTable - cant execute Update the statement SQL Exception
2022-11-16 07:26:28,785 ERROR   repository.queries.Read - cant execute Update the statement SQL Exception
2022-11-16 07:26:28,802 ERROR   repository.queries.Read - cant execute Update the statement SQL Exception
2022-11-16 07:26:28,807 ERROR   repository.queries.Delete - cant execute Update the statement SQL Exception
2022-11-16 07:26:28,814 INFO    repository.queries.CreateTable - String type cast to longtext
2022-11-16 07:26:28,815 INFO    repository.queries.CreateTable - String type cast to longtext
2022-11-16 07:26:28,847 INFO    repository.queries.CreateTable - String type cast to longtext
2022-11-16 07:26:28,875 ERROR   repository.queries.Update - cant execute Update the statement SQL Exception
2022-11-16 07:27:51,115 ERROR   repository.queries.Read - cant execute Update the statement SQL Exception
2022-11-16 07:27:51,131 ERROR   repository.queries.Read - cant execute Update the statement SQL Exception
2022-11-16 07:27:51,138 ERROR   repository.queries.Delete - cant execute Update the statement SQL Exception
2022-11-16 07:27:51,144 INFO    repository.queries.CreateTable - String type cast to longtext
2022-11-16 07:27:51,145 INFO    repository.queries.CreateTable - String type cast to longtext
2022-11-16 07:27:51,177 INFO    repository.queries.CreateTable - String type cast to longtext
2022-11-16 07:27:51,202 ERROR   repository.queries.Update - cant execute Update the statement SQL Exception
2022-11-16 07:28:32,040 ERROR   repository.queries.Read - cant execute Update the statement SQL Exception
2022-11-16 07:28:32,056 ERROR   repository.queries.Read - cant execute Update the statement SQL Exception
2022-11-16 07:28:32,062 ERROR   repository.queries.Delete - cant execute Update the statement SQL Exception
2022-11-16 07:28:32,070 INFO    repository.queries.CreateTable - String type cast to longtext
2022-11-16 07:28:32,071 INFO    repository.queries.CreateTable - String type cast to longtext
2022-11-16 07:28:32,073 ERROR   repository.queries.CreateTable - cant execute Update the statement SQL Exception
2022-11-16 07:28:32,077 INFO    repository.queries.CreateTable - String type cast to longtext
2022-11-16 07:28:32,079 ERROR   repository.queries.CreateTable - cant execute Update the statement SQL Exception
2022-11-16 07:28:32,084 ERROR   repository.queries.Update - cant execute Update the statement SQL Exception
2022-11-16 07:49:20,913 INFO    repository.queries.CreateTable - String type cast to longtext
2022-11-16 07:49:20,915 INFO    repository.queries.CreateTable - String type cast to longtext
2022-11-16 07:49:20,916 INFO    repository.queries.CreateTable - String type cast to longtext
2022-11-16 07:49:34,561 ERROR   repository.queries.Read - cant execute Update the statement SQL Exception
2022-11-16 07:49:34,575 ERROR   repository.queries.Read - cant execute Update the statement SQL Exception
2022-11-16 07:49:34,582 ERROR   repository.queries.Delete - cant execute Update the statement SQL Exception
2022-11-16 07:49:34,588 INFO    repository.queries.CreateTable - String type cast to longtext
2022-11-16 07:49:34,589 INFO    repository.queries.CreateTable - String type cast to longtext
2022-11-16 07:50:08,232 ERROR   repository.queries.Read - cant execute Update the statement SQL Exception
2022-11-16 07:50:08,246 ERROR   repository.queries.Read - cant execute Update the statement SQL Exception
2022-11-16 07:50:08,250 ERROR   repository.queries.Delete - cant execute Update the statement SQL Exception
2022-11-16 07:50:08,257 INFO    repository.queries.CreateTable - String type cast to longtext
2022-11-16 07:50:08,257 INFO    repository.queries.CreateTable - String type cast to longtext
2022-11-16 07:50:58,043 ERROR   repository.queries.Read - cant execute Update the statement SQL Exception
2022-11-16 07:50:58,060 ERROR   repository.queries.Read - cant execute Update the statement SQL Exception
2022-11-16 07:50:58,066 ERROR   repository.queries.Delete - cant execute Update the statement SQL Exception
2022-11-16 07:51:50,874 INFO    repository.queries.CreateTable - String type cast to longtext
2022-11-16 07:52:12,945 INFO    repository.queries.CreateTable - String type cast to longtext
2022-11-16 07:53:13,334 ERROR   repository.queries.Read - cant execute Update the statement SQL Exception
2022-11-16 07:53:13,349 ERROR   repository.queries.Read - cant execute Update the statement SQL Exception
2022-11-16 07:53:13,354 ERROR   repository.queries.Delete - cant execute Update the statement SQL Exception
2022-11-16 07:54:03,960 INFO    repository.queries.CreateTable - String type cast to longtext
2022-11-16 07:54:34,736 INFO    repository.queries.CreateTable - String type cast to longtext
2022-11-16 07:56:40,597 ERROR   repository.queries.Read - cant execute Update the statement SQL Exception
2022-11-16 07:56:40,610 ERROR   repository.queries.Read - cant execute Update the statement SQL Exception
2022-11-16 07:56:40,614 ERROR   repository.queries.Delete - cant execute Update the statement SQL Exception
2022-11-16 07:56:40,622 INFO    repository.queries.CreateTable - String type cast to longtext
2022-11-16 07:56:40,623 INFO    repository.queries.CreateTable - String type cast to longtext
2022-11-16 07:56:40,630 ERROR   repository.queries.CreateTable - cant execute Update the statement SQL Exception
2022-11-16 07:56:40,634 INFO    repository.queries.CreateTable - String type cast to longtext
2022-11-16 07:56:40,635 ERROR   repository.queries.CreateTable - cant execute Update the statement SQL Exception
2022-11-16 07:56:40,640 ERROR   repository.queries.Update - cant execute Update the statement SQL Exception
2022-11-16 07:57:10,305 ERROR   repository.queries.Read - cant execute Update the statement SQL Exception
2022-11-16 07:57:10,318 ERROR   repository.queries.Read - cant execute Update the statement SQL Exception
2022-11-16 07:57:10,325 ERROR   repository.queries.Delete - cant execute Update the statement SQL Exception
2022-11-16 07:57:10,331 INFO    repository.queries.CreateTable - String type cast to longtext
2022-11-16 07:57:10,332 INFO    repository.queries.CreateTable - String type cast to longtext
2022-11-16 07:57:10,337 ERROR   repository.queries.CreateTable - cant execute Update the statement SQL Exception
2022-11-16 07:57:10,341 INFO    repository.queries.CreateTable - String type cast to longtext
2022-11-16 07:57:10,342 ERROR   repository.queries.CreateTable - cant execute Update the statement SQL Exception
2022-11-16 07:57:10,348 ERROR   repository.queries.Update - cant execute Update the statement SQL Exception
2022-11-16 07:58:43,299 ERROR   repository.queries.Read - cant execute Update the statement SQL Exception
2022-11-16 07:58:43,313 ERROR   repository.queries.Read - cant execute Update the statement SQL Exception
2022-11-16 07:58:43,317 ERROR   repository.queries.Delete - cant execute Update the statement SQL Exception
2022-11-16 07:58:43,323 INFO    repository.queries.CreateTable - String type cast to longtext
2022-11-16 07:58:43,324 INFO    repository.queries.CreateTable - String type cast to longtext
2022-11-16 07:58:43,332 ERROR   repository.queries.CreateTable - cant execute Update the statement SQL Exception
2022-11-16 07:58:43,337 INFO    repository.queries.CreateTable - String type cast to longtext
2022-11-16 07:58:43,338 ERROR   repository.queries.CreateTable - cant execute Update the statement SQL Exception
2022-11-16 07:58:43,344 ERROR   repository.queries.Update - cant execute Update the statement SQL Exception
2022-11-16 08:34:58,713 ERROR   repository.queries.Read - cant execute Update the statement SQL Exception
2022-11-16 08:34:58,728 ERROR   repository.queries.Read - cant execute Update the statement SQL Exception
2022-11-16 08:34:58,733 ERROR   repository.queries.Delete - cant execute Update the statement SQL Exception
2022-11-16 08:34:58,740 INFO    repository.queries.CreateTable - String type cast to longtext
2022-11-16 08:34:58,741 INFO    repository.queries.CreateTable - String type cast to longtext
2022-11-16 08:34:58,751 ERROR   repository.queries.CreateTable - cant execute Update the statement SQL Exception
2022-11-16 08:34:58,758 INFO    repository.queries.CreateTable - String type cast to longtext
2022-11-16 08:34:58,759 ERROR   repository.queries.CreateTable - cant execute Update the statement SQL Exception
2022-11-16 08:34:58,765 ERROR   repository.queries.Update - cant execute Update the statement SQL Exception
2022-11-16 08:38:11,420 ERROR   repository.queries.Read - cant execute Update the statement SQL Exception
2022-11-16 08:38:11,435 ERROR   repository.queries.Read - cant execute Update the statement SQL Exception
2022-11-16 08:38:11,441 ERROR   repository.queries.Delete - cant execute Update the statement SQL Exception
2022-11-16 08:38:11,449 INFO    repository.queries.CreateTable - String type cast to longtext
2022-11-16 08:38:11,450 INFO    repository.queries.CreateTable - String type cast to longtext
2022-11-16 08:38:11,459 ERROR   repository.queries.CreateTable - cant execute Update the statement SQL Exception
2022-11-16 08:38:11,465 INFO    repository.queries.CreateTable - String type cast to longtext
2022-11-16 08:38:11,466 ERROR   repository.queries.CreateTable - cant execute Update the statement SQL Exception
2022-11-16 08:38:11,473 ERROR   repository.queries.Update - cant execute Update the statement SQL Exception
2022-11-16 08:39:10,585 ERROR   repository.queries.Read - cant execute Update the statement SQL Exception
2022-11-16 08:39:10,603 ERROR   repository.queries.Read - cant execute Update the statement SQL Exception
2022-11-16 08:39:10,610 ERROR   repository.queries.Delete - cant execute Update the statement SQL Exception
2022-11-16 08:39:10,618 INFO    repository.queries.CreateTable - String type cast to longtext
2022-11-16 08:39:10,619 INFO    repository.queries.CreateTable - String type cast to longtext
2022-11-16 08:39:10,629 ERROR   repository.queries.CreateTable - cant execute Update the statement SQL Exception
2022-11-16 08:39:10,635 INFO    repository.queries.CreateTable - String type cast to longtext
2022-11-16 08:39:10,636 ERROR   repository.queries.CreateTable - cant execute Update the statement SQL Exception
2022-11-16 08:39:10,642 ERROR   repository.queries.Update - cant execute Update the statement SQL Exception
2022-11-16 08:40:09,658 ERROR   repository.queries.Read - cant execute Update the statement SQL Exception
2022-11-16 08:40:09,673 ERROR   repository.queries.Read - cant execute Update the statement SQL Exception
2022-11-16 08:40:09,679 ERROR   repository.queries.Delete - cant execute Update the statement SQL Exception
2022-11-16 08:40:09,686 INFO    repository.queries.CreateTable - String type cast to longtext
2022-11-16 08:40:09,687 INFO    repository.queries.CreateTable - String type cast to longtext
2022-11-16 08:40:09,735 INFO    repository.queries.CreateTable - String type cast to longtext
2022-11-16 08:40:09,763 ERROR   repository.queries.Update - cant execute Update the statement SQL Exception
2022-11-16 08:51:30,557 INFO    repository.queries.CreateTable - String type cast to longtext
2022-11-16 08:51:30,559 INFO    repository.queries.CreateTable - String type cast to longtext
2022-11-16 08:51:30,561 INFO    repository.queries.CreateTable - String type cast to longtext
2022-11-16 08:51:30,633 INFO    repository.queries.CreateTable - String type cast to longtext
2022-11-16 08:51:30,633 INFO    repository.queries.CreateTable - String type cast to longtext
2022-11-16 08:51:30,642 ERROR   repository.queries.CreateTable - cant execute Update the statement SQL Exception
2022-11-16 08:51:30,648 INFO    repository.queries.CreateTable - String type cast to longtext
2022-11-16 08:51:30,649 ERROR   repository.queries.CreateTable - cant execute Update the statement SQL Exception
2022-11-16 08:52:23,246 INFO    repository.queries.CreateTable - String type cast to longtext
2022-11-16 08:52:23,248 INFO    repository.queries.CreateTable - String type cast to longtext
2022-11-16 08:52:23,250 INFO    repository.queries.CreateTable - String type cast to longtext
2022-11-16 08:52:23,273 ERROR   repository.queries.CreateTable - cant execute Update the statement SQL Exception
2022-11-16 08:52:23,289 ERROR   repository.queries.Add - cant executeUpdate the statement SQL Exception
2022-11-16 08:52:23,327 INFO    repository.queries.CreateTable - String type cast to longtext
2022-11-16 08:52:23,327 INFO    repository.queries.CreateTable - String type cast to longtext
2022-11-16 08:52:23,329 ERROR   repository.queries.CreateTable - cant execute Update the statement SQL Exception
2022-11-16 08:52:23,333 INFO    repository.queries.CreateTable - String type cast to longtext
2022-11-16 08:52:23,333 ERROR   repository.queries.CreateTable - cant execute Update the statement SQL Exception
2022-11-16 08:53:47,133 INFO    repository.queries.CreateTable - String type cast to longtext
2022-11-16 08:53:47,136 INFO    repository.queries.CreateTable - String type cast to longtext
2022-11-16 08:53:47,137 INFO    repository.queries.CreateTable - String type cast to longtext
2022-11-16 08:53:47,161 ERROR   repository.queries.CreateTable - cant execute Update the statement SQL Exception
2022-11-16 08:53:47,177 ERROR   repository.queries.Add - cant executeUpdate the statement SQL Exception
2022-11-16 08:53:47,218 INFO    repository.queries.CreateTable - String type cast to longtext
2022-11-16 08:53:47,218 INFO    repository.queries.CreateTable - String type cast to longtext
2022-11-16 08:53:47,219 ERROR   repository.queries.CreateTable - cant execute Update the statement SQL Exception
2022-11-16 08:53:47,223 INFO    repository.queries.CreateTable - String type cast to longtext
2022-11-16 08:53:47,223 ERROR   repository.queries.CreateTable - cant execute Update the statement SQL Exception
2022-11-16 08:55:51,367 INFO    repository.queries.CreateTable - String type cast to longtext
2022-11-16 08:55:51,369 INFO    repository.queries.CreateTable - String type cast to longtext
2022-11-16 08:55:51,371 INFO    repository.queries.CreateTable - String type cast to longtext
2022-11-16 08:55:51,395 ERROR   repository.queries.CreateTable - cant execute Update the statement SQL Exception
2022-11-16 08:55:51,413 ERROR   repository.queries.Add - cant executeUpdate the statement SQL Exception
2022-11-16 08:55:51,455 INFO    repository.queries.CreateTable - String type cast to longtext
2022-11-16 08:55:51,456 INFO    repository.queries.CreateTable - String type cast to longtext
2022-11-16 08:55:51,456 ERROR   repository.queries.CreateTable - cant execute Update the statement SQL Exception
2022-11-16 08:55:51,460 INFO    repository.queries.CreateTable - String type cast to longtext
2022-11-16 08:55:51,462 ERROR   repository.queries.CreateTable - cant execute Update the statement SQL Exception
2022-11-16 08:56:23,746 INFO    repository.queries.CreateTable - String type cast to longtext
2022-11-16 08:56:23,749 INFO    repository.queries.CreateTable - String type cast to longtext
2022-11-16 08:56:23,750 INFO    repository.queries.CreateTable - String type cast to longtext
2022-11-16 08:56:23,771 ERROR   repository.queries.CreateTable - cant execute Update the statement SQL Exception
2022-11-16 08:56:23,791 ERROR   repository.queries.Add - cant executeUpdate the statement SQL Exception
2022-11-16 08:56:23,833 INFO    repository.queries.CreateTable - String type cast to longtext
2022-11-16 08:56:23,833 INFO    repository.queries.CreateTable - String type cast to longtext
2022-11-16 08:56:23,834 ERROR   repository.queries.CreateTable - cant execute Update the statement SQL Exception
2022-11-16 08:56:23,838 INFO    repository.queries.CreateTable - String type cast to longtext
2022-11-16 08:56:23,839 ERROR   repository.queries.CreateTable - cant execute Update the statement SQL Exception
2022-11-16 08:57:09,155 INFO    repository.queries.CreateTable - String type cast to longtext
2022-11-16 08:57:09,158 INFO    repository.queries.CreateTable - String type cast to longtext
2022-11-16 08:57:09,160 INFO    repository.queries.CreateTable - String type cast to longtext
2022-11-16 08:57:09,186 ERROR   repository.queries.CreateTable - cant execute Update the statement SQL Exception
2022-11-16 08:57:09,205 ERROR   repository.queries.Add - cant executeUpdate the statement SQL Exception
2022-11-16 08:57:09,247 INFO    repository.queries.CreateTable - String type cast to longtext
2022-11-16 08:57:09,247 INFO    repository.queries.CreateTable - String type cast to longtext
2022-11-16 08:57:09,248 ERROR   repository.queries.CreateTable - cant execute Update the statement SQL Exception
2022-11-16 08:57:09,252 INFO    repository.queries.CreateTable - String type cast to longtext
2022-11-16 08:57:09,253 ERROR   repository.queries.CreateTable - cant execute Update the statement SQL Exception
2022-11-16 08:58:02,828 INFO    repository.queries.CreateTable - String type cast to longtext
2022-11-16 08:58:02,831 INFO    repository.queries.CreateTable - String type cast to longtext
2022-11-16 08:58:02,832 INFO    repository.queries.CreateTable - String type cast to longtext
2022-11-16 08:58:02,854 ERROR   repository.queries.CreateTable - cant execute Update the statement SQL Exception
2022-11-16 08:58:02,918 INFO    repository.queries.CreateTable - String type cast to longtext
2022-11-16 08:58:02,918 INFO    repository.queries.CreateTable - String type cast to longtext
2022-11-16 08:58:02,919 ERROR   repository.queries.CreateTable - cant execute Update the statement SQL Exception
2022-11-16 08:58:02,923 INFO    repository.queries.CreateTable - String type cast to longtext
2022-11-16 08:58:02,923 ERROR   repository.queries.CreateTable - cant execute Update the statement SQL Exception
2022-11-16 09:03:28,234 INFO    repository.queries.CreateTable - String type cast to longtext
2022-11-16 09:03:28,236 INFO    repository.queries.CreateTable - String type cast to longtext
2022-11-16 09:03:28,237 INFO    repository.queries.CreateTable - String type cast to longtext
2022-11-16 09:03:28,255 ERROR   repository.queries.CreateTable - cant execute Update the statement SQL Exception
2022-11-16 09:03:28,278 ERROR   repository.queries.Add - cant executeUpdate the statement SQL Exception
2022-11-16 09:03:28,330 INFO    repository.queries.CreateTable - String type cast to longtext
2022-11-16 09:03:28,331 INFO    repository.queries.CreateTable - String type cast to longtext
2022-11-16 09:03:28,332 ERROR   repository.queries.CreateTable - cant execute Update the statement SQL Exception
2022-11-16 09:03:28,336 INFO    repository.queries.CreateTable - String type cast to longtext
2022-11-16 09:03:28,337 ERROR   repository.queries.CreateTable - cant execute Update the statement SQL Exception
2022-11-16 09:04:07,300 INFO    repository.queries.CreateTable - String type cast to longtext
2022-11-16 09:04:07,304 INFO    repository.queries.CreateTable - String type cast to longtext
2022-11-16 09:04:07,307 INFO    repository.queries.CreateTable - String type cast to longtext
2022-11-16 09:04:07,333 ERROR   repository.queries.CreateTable - cant execute Update the statement SQL Exception
2022-11-16 09:04:07,353 ERROR   repository.queries.Add - cant executeUpdate the statement SQL Exception
2022-11-16 09:04:07,358 ERROR   repository.queries.Add - cant executeUpdate the statement SQL Exception
2022-11-16 09:04:07,407 INFO    repository.queries.CreateTable - String type cast to longtext
2022-11-16 09:04:07,407 INFO    repository.queries.CreateTable - String type cast to longtext
2022-11-16 09:04:07,408 ERROR   repository.queries.CreateTable - cant execute Update the statement SQL Exception
2022-11-16 09:04:07,413 INFO    repository.queries.CreateTable - String type cast to longtext
2022-11-16 09:04:07,414 ERROR   repository.queries.CreateTable - cant execute Update the statement SQL Exception
2022-11-16 09:04:07,426 INFO    repository.queries.Delete - Table is deleted from the table successfully..................
2022-11-16 09:06:12,939 INFO    repository.queries.CreateTable - String type cast to longtext
2022-11-16 09:06:12,942 INFO    repository.queries.CreateTable - String type cast to longtext
2022-11-16 09:06:12,944 INFO    repository.queries.CreateTable - String type cast to longtext
2022-11-16 09:06:12,966 ERROR   repository.queries.CreateTable - cant execute Update the statement SQL Exception
2022-11-16 09:06:12,987 ERROR   repository.queries.Add - cant executeUpdate the statement SQL Exception
2022-11-16 09:06:12,991 ERROR   repository.queries.Add - cant executeUpdate the statement SQL Exception
2022-11-16 09:06:13,037 INFO    repository.queries.CreateTable - String type cast to longtext
2022-11-16 09:06:13,037 INFO    repository.queries.CreateTable - String type cast to longtext
2022-11-16 09:06:13,063 INFO    repository.queries.CreateTable - String type cast to longtext
2022-11-16 09:06:13,064 ERROR   repository.queries.CreateTable - cant execute Update the statement SQL Exception
2022-11-16 09:06:13,071 INFO    repository.queries.Delete - Table is deleted from the table successfully..................
2022-11-16 09:13:36,493 INFO    repository.queries.CreateTable - String type cast to longtext
2022-11-16 09:13:36,495 INFO    repository.queries.CreateTable - String type cast to longtext
2022-11-16 09:13:36,497 INFO    repository.queries.CreateTable - String type cast to longtext
2022-11-16 09:13:36,516 ERROR   repository.queries.CreateTable - cant execute Update the statement SQL Exception
2022-11-16 09:13:36,544 ERROR   repository.queries.Add - cant executeUpdate the statement SQL Exception
2022-11-16 09:13:36,550 ERROR   repository.queries.Add - cant executeUpdate the statement SQL Exception
2022-11-16 09:13:36,616 INFO    repository.queries.CreateTable - String type cast to longtext
2022-11-16 09:13:36,617 INFO    repository.queries.CreateTable - String type cast to longtext
2022-11-16 09:13:36,651 INFO    repository.queries.CreateTable - String type cast to longtext
2022-11-16 09:13:36,651 INFO    repository.queries.CreateTable - field is not primitive type
2022-11-16 09:13:36,653 ERROR   repository.queries.CreateTable - cant execute Update the statement SQL Exception
2022-11-16 09:13:36,665 INFO    repository.queries.Delete - Table is deleted from the table successfully..................
